<?xml version="1.0" encoding="UTF-8"?>
<!-- Generated by org.testng.reporters.JUnitReportReporter -->
<testsuite skipped="0" hostname="Shashi-PC" name="com.shashi.test.TestRunner" tests="1" failures="0" timestamp="30 Oct 2018 03:29:09 GMT" time="0.402" errors="0">
  <testcase name="browser" time="0.402" classname="com.shashi.test.TestRunner"/>
</testsuite> <!-- com.shashi.test.TestRunner -->
